           1   10.000000000000000        125104.90455592026        141.10656756876580     
           2   20.000000000000000        88462.526371187021        118.65600683733122     
           3   30.000000000000000        72229.350322303013        107.21780551855595     
           4   40.000000000000000        62552.452277960132        99.777410797832076     
           5   50.000000000000000        55948.614181132172        94.363649030112555     
           6   60.000000000000000        51073.863413599196        90.159068311923619     
           7   70.000000000000000        47285.209321348077        86.750646044894310     
           8   80.000000000000000        44231.263185593511        83.902467063194251     
           9   90.000000000000000        41701.634851973424        81.467914770251056     
          10   100.00000000000000        39561.644485468394        79.350054199681296     
          11   110.00000000000000        37720.547985928300        77.481684939315699     
          12   120.00000000000000        36114.675161151506        75.814437346111347     
          13   130.00000000000000        34697.857552953770        74.312417472304489     
          14   140.00000000000000        33435.692160950573        72.948307280095463     
          15   150.00000000000000        32301.947458263174        71.700867961381803     
          16   160.00000000000000        31276.226138980066        70.553283784382899     
          17   170.00000000000000        30342.396221580904        69.492029827414910     
          18   180.00000000000000        29487.508790395677        68.506077488499258     
          19   190.00000000000000        28701.033489503032        67.586324242310496     
          20   200.00000000000000        27974.307090566086        66.725176126699964     
          21   210.00000000000000        27300.128330368112        65.916236618240887     
          22   220.00000000000000        26672.455270922470        65.154071113288296     
          23   230.00000000000000        26086.175869143979        64.434026107375814     
          24   240.00000000000000        25536.931706799598        63.752088588822367     
          25   250.00000000000000        25020.980911184055        63.104775431085514     
          26   260.00000000000000        24535.090368338479        62.489045461298346     
          27   270.00000000000000        24076.450107434335        61.902228878059219     
          28   280.00000000000000        23642.604660674038        61.341970090658720     
          29   290.00000000000000        23231.397559119410        60.806181047468769     
          30   300.00000000000000        22840.926093269452        60.293002839305871     
          31   310.00000000000000        22469.504167796909        59.800773888084990     
          32   320.00000000000000        22115.631592796755        59.328003418665610     
          33   330.00000000000000        21777.968533655905        58.873349201305622     
          34   340.00000000000000        21455.314125728935        58.435598770577407     
          35   350.00000000000000        21146.588474568198        58.013653492964259     
          36   360.00000000000000        20850.817425986712        57.606514983172218     
          37   370.00000000000000        20567.119615926673        57.213273468204129     
          38   380.00000000000000        20294.695407489791        56.833097775534121     
          39   390.00000000000000        20032.817398501145        56.465226682495867     
          40   400.00000000000000        19780.822242734197        56.108961412114731     
          41   410.00000000000000        19538.103575213081        55.763659098955209     
          42   420.00000000000000        19304.105869666269        55.428727079294390     
          43   430.00000000000000        19078.319086374799        55.103617884719988     
          44   440.00000000000000        18860.273992964150        54.787824838349728     
          45   450.00000000000000        18649.538060377392        54.480878169250850     
          46   460.00000000000000        18445.711852296587        54.182341574056579     
          47   470.00000000000000        18248.425839394218        53.891809165820320     
          48   480.00000000000000        18057.337580575753        53.608902759277974     
          49   490.00000000000000        17872.129222274325        53.333269449269487     
          50   500.00000000000000        17692.505274237406        53.064579445390493     
          51   510.00000000000000        17518.190626388019        52.802524131234733     
          52   520.00000000000000        17348.928776476885        52.546814321032180     
          53   530.00000000000000        17184.480242548121        52.297178690235093     
          54   540.00000000000000        17024.621137866401        52.053362359774965     
          55   550.00000000000000        16869.141889015697        51.815125616405034     
          56   560.00000000000000        16717.846080475287        51.582242753835494     
          57   570.00000000000000        16570.549411185042        51.354501021326847     
          58   580.00000000000000        16427.078750493944        51.131699668084842     
          59   590.00000000000000        16287.271282495170        50.913649073242162     
          60   600.00000000000000        16150.973729131587        50.700169952454338     
          61   610.00000000000000        16018.041643642773        50.491092633210428     
          62   620.00000000000000        15888.338766948586        50.286256391888607     
          63   630.00000000000000        15761.736440449360        50.085508846393680     
          64   640.00000000000000        15638.113069490033        49.888705398916038     
          65   650.00000000000000        15517.353632401828        49.695708723964096     
          66   660.00000000000000        15399.349230615342        49.506388297358036     
          67   670.00000000000000        15283.996675845376        49.320619962341851     
          68   680.00000000000000        15171.198110790452        49.138285529382912     
          69   690.00000000000000        15060.860660178196        48.959272406590522     
          70   700.00000000000000        14952.896109328462        48.783473258004783     
          71   710.00000000000000        14847.220607705882        48.610785687289024     
          72   720.00000000000000        14743.754395197839        48.441111944608913     
          73   730.00000000000000        14642.421549087330        48.274358654702674     
          74   740.00000000000000        14543.149749896609        48.110436564343310     
          75   750.00000000000000        14445.870064460601        47.949260307568636     
          76   760.00000000000000        14350.516744751516        47.790748187210497     
          77   770.00000000000000        14257.027041120658        47.634821971393698     
          78   780.00000000000000        14165.341028752013        47.481406703799166     
          79   790.00000000000000        14075.401446237091        47.330430526597219     
          80   800.00000000000000        13987.153545283043        47.181824515056277     
          81   810.00000000000000        13900.544950657806        47.035522522921937     
          82   820.00000000000000        13815.525529558299        46.891461037741614     
          83   830.00000000000000        13732.047269661429        46.749579045382426     
          84   840.00000000000000        13650.064165184056        46.609817903055152     
          85   850.00000000000000        13569.532110337534        46.472121220216067     
          86   860.00000000000000        13490.408799616360        46.336434746771509     
          87   870.00000000000000        13412.653634408805        46.202706268058300     
          88   880.00000000000000        13336.227635461235        46.070885506116703     
          89   890.00000000000000        13261.093360767351        45.940924026812077     
          90   900.00000000000000        13187.214828489467        45.812775152397393     
          91   910.00000000000000        13114.557444551407        45.686393879141342     
          92   920.00000000000000        13043.087934571990        45.561736799676488     
          93   930.00000000000000        12972.774279834963        45.438762029748908     
          94   940.00000000000000        12903.585657015468        45.317429139075585     
          95   950.00000000000000        12835.492381405356        45.197699086038064     
          96   960.00000000000000        12768.465853399799        45.079534155961809     
          97   970.00000000000000        12702.478508026108        44.962897902749141     
          98   980.00000000000000        12637.503767312433        44.847755093651159     
          99   990.00000000000000        12573.515995309435        44.734071656979694     
         100   1000.0000000000000        12510.490455592028        44.621814632574804     
         101   1010.0000000000000        12448.403271081177        44.510952124856686     
         102   1020.0000000000000        12387.231386037580        44.401453258303043     
         103   1030.0000000000000        12326.952530089771        44.293288135204193     
         104   1040.0000000000000        12267.545184169239        44.186427795558508     
         105   1050.0000000000000        12208.988548234187        44.080844178980406     
         106   1060.0000000000000        12151.262510672026        43.976510088501641     
         107   1070.0000000000000        12094.347619278322        43.873399156155088     
         108   1080.0000000000000        12038.225053717168        43.771485810237401     
         109   1090.0000000000000        11982.876599374382        43.670745244153963     
         110   1100.0000000000000        11928.284622521043        43.571153386755910     
         111   1110.0000000000000        11874.432046710495        43.472686874084950     
         112   1120.0000000000000        11821.302330337019        43.375323022447155     
         113   1130.0000000000000        11768.879445289238        43.279039802741892     
         114   1140.0000000000000        11717.147856635695        43.183815815976970     
         115   1150.0000000000000        11666.092503284119        43.089630269905243     
         116   1160.0000000000000        11615.698779559705        42.996462956722091     
         117   1170.0000000000000        11565.952517651256        42.904294231766848     
         118   1180.0000000000000        11516.839970877250        42.813104993174946     
         119   1190.0000000000000        11468.347797726994        42.722876662430586     
         120   1200.0000000000000        11420.463046634726        42.633591165772941     
         121   1210.0000000000000        11373.173141447298        42.545230916411633     
         122   1220.0000000000000        11326.465867548317        42.457778797509881     
         123   1230.0000000000000        11280.329358604062        42.371218145896300     
         124   1240.0000000000000        11234.752083898455        42.285532736468319     
         125   1250.0000000000000        11189.722836226434        42.200706767252754     
         126   1260.0000000000000        11145.230720316857        42.116724845090651     
         127   1270.0000000000000        11101.265141757749        42.033571971915705     
         128   1280.0000000000000        11057.815796398378        41.951233531597126     
         129   1290.0000000000000        11014.872660204068        41.869695277319565     
         130   1300.0000000000000        10972.425979541036        41.788943319474157     
         131   1310.0000000000000        10930.466261869951        41.708964114036270     
         132   1320.0000000000000        10888.984266827953        41.629744451406822     
         133   1330.0000000000000        10847.970997680197        41.551271445695335     
         134   1340.0000000000000        10807.417693122916        41.473532524424058     
         135   1350.0000000000000        10767.315819421057        41.396515418633598     
         136   1360.0000000000000        10727.657062864468        41.320208153371567     
         137   1370.0000000000000        10688.433322527499        41.244599038546731     
         138   1380.0000000000000        10649.636703317705        41.169676660132069     
         139   1390.0000000000000        10611.259509300093        41.095429871700965     
         140   1400.0000000000000        10573.294237284099        41.021847786281668     
         141   1410.0000000000000        10535.733570661176        40.948919768515864     
         142   1420.0000000000000        10498.570373481482        40.876635427107914     
         143   1430.0000000000000        10461.797684758802        40.804984607552079     
         144   1440.0000000000000        10425.408712993356        40.733957385125528     
         145   1450.0000000000000        10389.396830902737        40.663544058135798     
         146   1460.0000000000000        10353.755570351683        40.593735141411607     
         147   1470.0000000000000        10318.478617471857        40.524521360026810     
         148   1480.0000000000000        10283.559807963336        40.455893643247521     
         149   1490.0000000000000        10248.993122569782        40.387843118693041     
         150   1500.0000000000000        10214.772682719840        40.320361106701689     
         151   1510.0000000000000        10180.892746327536        40.253439114893006     
         152   1520.0000000000000        10147.347703744896        40.187068832918264     
         153   1530.0000000000000        10114.132073860301        40.121242127391504     
         154   1540.0000000000000        10081.240500336397        40.055951036993839     
         155   1550.0000000000000        10048.667747981746        39.991187767744009     
         156   1560.0000000000000        10016.408699250573        39.926944688428414     
         157   1570.0000000000000        9984.4583508653632        39.863214326184384     
         158   1580.0000000000000        9952.8118105571848        39.799989362230576     
         159   1590.0000000000000        9921.4642939189653        39.737262627738637     
         160   1600.0000000000000        9890.4111213670985        39.675027099840648     
         161   1610.0000000000000        9859.6477152070238        39.613275897767132     
         162   1620.0000000000000        9829.1695967985597        39.552002279110411     
         163   1630.0000000000000        9798.9723838170557        39.491199636208705     
         164   1640.0000000000000        9769.0517876065405        39.430861492646152     
         165   1650.0000000000000        9739.4036106212025        39.370981499864513     
         166   1660.0000000000000        9710.0237439518114        39.311553433882253     
         167   1670.0000000000000        9680.9081649336895        39.252571192116982     
         168   1680.0000000000000        9652.0529348331347        39.194028790307485     
         169   1690.0000000000000        9623.4541966092529        39.135920359531475     
         170   1700.0000000000000        9595.1081727482724        39.078240143315767     
         171   1710.0000000000000        9567.0111631676791        39.020982494835295     
         172   1720.0000000000000        9539.1595431873993        38.964141874197821     
         173   1730.0000000000000        9511.5497615656423        38.907712845811254     
         174   1740.0000000000000        9484.1783385968592        38.851690075830554     
         175   1750.0000000000000        9457.0418642696150        38.796068329681390     
         176   1760.0000000000000        9430.1369964820751        38.740842469657849     
         177   1770.0000000000000        9403.4604593130462        38.686007452591532     
         178   1780.0000000000000        9377.0090413464968        38.631558327589524     
         179   1790.0000000000000        9350.7795940476353        38.577490233838915     
         180   1800.0000000000000        9324.7690301886960        38.523798398475414     
         181   1810.0000000000000        9298.9743223225978        38.470478134513975     
         182   1820.0000000000000        9273.3925013028183        38.417524838839199     
         183   1830.0000000000000        9248.0206548477909        38.364933990253519     
         184   1840.0000000000000        9222.8559261482933        38.312701147581208     
         185   1850.0000000000000        9197.8955125162811        38.260821947826265     
         186   1860.0000000000000        9173.1366640737324        38.209292104382456     
         187   1870.0000000000000        9148.5766824801121        38.158107405293656     
         188   1880.0000000000000        9124.2129196971091        38.107263711562886     
         189   1890.0000000000000        9100.0427767893707        38.056756955508440     
         190   1900.0000000000000        9076.0637027599951        38.006583139165500     
         191   1910.0000000000000        9052.2731934196090        37.956738332731760     
         192   1920.0000000000000        9028.6687902878766        37.907218673055674     
         193   1930.0000000000000        9005.2480795263527        37.858020362165881     
         194   1940.0000000000000        8982.0086909016391        37.809139665840512     
         195   1950.0000000000000        8958.9482967778113        37.760572912215089     
         196   1960.0000000000000        8936.0646111371625        37.712316490427774     
         197   1970.0000000000000        8913.3553886283171        37.664366849300826     
         198   1980.0000000000000        8890.8184236408251        37.616720496057020     
         199   1990.0000000000000        8868.4515494053612        37.569373995070080     
         200   2000.0000000000000        8846.2526371187032        37.522323966647903     
         201   2010.0000000000000        8824.2195950926744        37.475567085847644     
         202   2020.0000000000000        8802.3503679263013        37.429100081321700     
         203   2030.0000000000000        8780.6429357004163        37.382919734193500     
         204   2040.0000000000000        8759.0953131940096        37.337022876962394     
         205   2050.0000000000000        8737.7055491216233        37.291406392436535     
         206   2060.0000000000000        8716.4717253911458        37.246067212693092     
         207   2070.0000000000000        8695.3919563813251        37.201002318064802     
         208   2080.0000000000000        8674.4643882384426        37.156208736152244     
         209   2090.0000000000000        8653.6871981914828        37.111683540860859     
         210   2100.0000000000000        8633.0585938852964        37.067423851462195     
         211   2110.0000000000000        8612.5768127311330        37.023426831678456     
         212   2120.0000000000000        8592.2401212740606        36.979689688789840     
         213   2130.0000000000000        8572.0468145767500        36.936209672763880     
         214   2140.0000000000000        8551.9952156190775        36.892984075406162     
         215   2150.0000000000000        8532.0836747131489        36.850010229531868     
         216   2160.0000000000000        8512.3105689332006        36.807285508157463     
         217   2170.0000000000000        8492.6743015599932        36.764807323711970     
         218   2180.0000000000000        8473.1733015392219        36.722573127267268     
         219   2190.0000000000000        8453.8060229535477        36.680580407786891     
         220   2200.0000000000000        8434.5709445078483        36.638826691392786     
         221   2210.0000000000000        8415.4665690272886        36.597309540649476     
         222   2220.0000000000000        8396.4914229678470        36.556026553865244     
         223   2230.0000000000000        8377.6440559389139        36.514975364409764     
         224   2240.0000000000000        8358.9230402376434        36.474153640047732     
         225   2250.0000000000000        8340.3269703946844        36.433559082288106     
         226   2260.0000000000000        8321.8544627309948        36.393189425748488     
         227   2270.0000000000000        8303.5041549253820        36.353042437534192     
         228   2280.0000000000000        8285.2747055925211        36.313115916631695     
         229   2290.0000000000000        8267.1647938710830        36.273407693315939     
         230   2300.0000000000000        8249.1731190217452        36.233915628571268     
         231   2310.0000000000000        8231.2984000347860        36.194637613525479     
         232   2320.0000000000000        8213.5393752469718        36.155571568896733     
         233   2330.0000000000000        8195.8948019675136        36.116715444452957     
         234   2340.0000000000000        8178.3634561128247        36.078067218483362     
         235   2350.0000000000000        8160.9441318498275        36.039624897281819     
         236   2360.0000000000000        8143.6356412475852        36.001386514641716     
         237   2370.0000000000000        8126.4368139370308        35.963350131362063     
         238   2380.0000000000000        8109.3464967785649        35.925513834764459     
         239   2390.0000000000000        8092.3635535373051        35.887875738220735     
         240   2400.0000000000000        8075.4868645657934        35.850433980690902     
         241   2410.0000000000000        8058.7153264939534        35.813186726271219     
         242   2420.0000000000000        8042.0478519260932        35.776132163752052     
         243   2430.0000000000000        8025.4833691447784        35.739268506185311     
         244   2440.0000000000000        8009.0208218213866        35.702593990461231     
         245   2450.0000000000000        7992.6591687331675        35.666106876894169     
         246   2460.0000000000000        7976.3973834866310        35.629805448817336     
         247   2470.0000000000000        7960.2344542471028        35.593688012186128     
         248   2480.0000000000000        7944.1693834742928        35.557752895189800     
         249   2490.0000000000000        7928.2011876636916        35.521998447871475     
         250   2500.0000000000000        7912.3288970936801        35.486423041756012     
         251   2510.0000000000000        7896.5515555781731        35.451025069485738     
         252   2520.0000000000000        7880.8682202246800        35.415802944463785     
         253   2530.0000000000000        7865.2779611976130        35.380755100504800     
         254   2540.0000000000000        7849.7798614867434        35.345879991492929     
         255   2550.0000000000000        7834.3730166806463        35.311176091046796     
         256   2560.0000000000000        7819.0565347450165        35.276641892191449     
         257   2570.0000000000000        7803.8295358057449        35.242275907036927     
         258   2580.0000000000000        7788.6911519366022        35.208076666463406     
         259   2590.0000000000000        7773.6405269514653        35.174042719812796     
         260   2600.0000000000000        7758.6768162009139        35.140172634586484     
         261   2610.0000000000000        7743.7991863731377        35.106464996149214     
         262   2620.0000000000000        7729.0068152990161        35.072918407438920     
         263   2630.0000000000000        7714.2988917612838        35.039531488682321     
         264   2640.0000000000000        7699.6746153076710        35.006302877116205     
         265   2650.0000000000000        7685.1331960679354        34.973231226714255     
         266   2660.0000000000000        7670.6738545746639        34.940315207919234     
         267   2670.0000000000000        7656.2958215877870        34.907553507380477     
         268   2680.0000000000000        7641.9983379226878        34.874944827696531     
         269   2690.0000000000000        7627.7806542818289        34.842487887162790     
         270   2700.0000000000000        7613.6420310898166        34.810181419524113     
         271   2710.0000000000000        7599.5817383318154        34.778024173732156     
         272   2720.0000000000000        7585.5990553952261        34.746014913707455     
         273   2730.0000000000000        7571.6932709145640        34.714152418106082     
         274   2740.0000000000000        7557.8636826194552        34.682435480090746     
         275   2750.0000000000000        7544.1095971856612        34.650862907106315     
         276   2760.0000000000000        7530.4303300890979        34.619433520659577     
         277   2770.0000000000000        7516.8252054627328        34.588146156103200     
         278   2780.0000000000000        7503.2935559563330        34.556999662423763     
         279   2790.0000000000000        7489.8347225989692        34.525992902033813     
         280   2800.0000000000000        7476.4480546642308        34.495124750567783     
         281   2810.0000000000000        7463.1329095380797        34.464394096681758     
         282   2820.0000000000000        7449.8886525892749        34.433799841856960     
         283   2830.0000000000000        7436.7146570423338        34.403340900206885     
         284   2840.0000000000000        7423.6103038529409        34.373016198288035     
         285   2850.0000000000000        7410.5749815857735        34.342824674914091     
         286   2860.0000000000000        7397.6080862946719        34.312765280973544     
         287   2870.0000000000000        7384.7090214051104        34.282836979250639     
         288   2880.0000000000000        7371.8771975989193        34.253038744249629     
         289   2890.0000000000000        7359.1120327011931        34.223369562022171     
         290   2900.0000000000000        7346.4129515693530        34.193828429997872     
         291   2910.0000000000000        7333.7793859843086        34.164414356817943     
         292   2920.0000000000000        7321.2107745436651        34.135126362171761     
         293   2930.0000000000000        7308.7065625569385        34.105963476636411     
         294   2940.0000000000000        7296.2662019427435        34.076924741519129     
         295   2950.0000000000000        7283.8891511278762        34.048009208702496     
         296   2960.0000000000000        7271.5748749483046        34.019215940492380     
         297   2970.0000000000000        7259.3228445519680        33.990544009468643     
         298   2980.0000000000000        7247.1325373033815        33.961992498338383     
         299   2990.0000000000000        7235.0034366900009        33.933560499791831     
         300   3000.0000000000000        7222.9350322303007        33.905247116360748     
         301   3010.0000000000000        7210.9268193835323        33.877051460279255     
         302   3020.0000000000000        7198.9782994611332        33.848972653347190     
         303   3030.0000000000000        7187.0889795397352        33.821009826795688     
         304   3040.0000000000000        7175.2583723757580        33.793162121155248     
         305   3050.0000000000000        7163.4859963215413        33.765428686125915     
         306   3060.0000000000000        7151.7713752429781        33.737808680449831     
         307   3070.0000000000000        7140.1140384386390        33.710301271785859     
         308   3080.0000000000000        7128.5135205603292        33.682905636586433     
         309   3090.0000000000000        7116.9693615350679        33.655620959976424     
         310   3100.0000000000000        7105.4811064884452        33.628446435634139     
         311   3110.0000000000000        7094.0483056693483        33.601381265674249     
         312   3120.0000000000000        7082.6705143760064        33.574424660532792     
         313   3130.0000000000000        7071.3472928833326        33.547575838853959     
         314   3140.0000000000000        7060.0782063715524        33.520834027378967     
         315   3150.0000000000000        7048.8628248560653        33.494198460836593     
         316   3160.0000000000000        7037.7007231185453        33.467668381835665     
         317   3170.0000000000000        7026.5914806392120        33.441243040759296     
         318   3180.0000000000000        7015.5346815303019        33.414921695660823     
         319   3190.0000000000000        7004.5299144706705        33.388703612161521     
         320   3200.0000000000000        6993.5767726415215        33.362588063349982     
         321   3210.0000000000000        6982.6748536632476        33.336574329683103     
         322   3220.0000000000000        6971.8237595333367        33.310661698888751     
         323   3230.0000000000000        6961.0230965653436        33.284849465869954     
         324   3240.0000000000000        6950.2724753289031        33.259136932610687     
         325   3250.0000000000000        6939.5715105907530        33.233523408083187     
         326   3260.0000000000000        6928.9198212567499        33.208008208156691     
         327   3270.0000000000000        6918.3170303148672        33.182590655507752     
         328   3280.0000000000000        6907.7627647791496        33.157270079531877     
         329   3290.0000000000000        6897.2566556346019        33.132045816256692     
         330   3300.0000000000000        6886.7983377829987        33.106917208256384     
         331   3310.0000000000000        6876.3874499895937        33.081883604567558     
         332   3320.0000000000000        6866.0236348307144        33.056944360606437     
         333   3330.0000000000000        6855.7065386422246        33.032098838087329     
         334   3340.0000000000000        6845.4358114688275        33.007346404942396     
         335   3350.0000000000000        6835.2111070142173        32.982686435242698     
         336   3360.0000000000000        6825.0320825920280        32.958118309120444     
         337   3370.0000000000000        6814.8983990776051        32.933641412692459     
         338   3380.0000000000000        6804.8097208605404        32.909255137984879     
         339   3390.0000000000000        6794.7657157979947        32.884958882858946     
         340   3400.0000000000000        6784.7660551687668        32.860752050938032     
         341   3410.0000000000000        6774.8104136281090        32.836634051535697     
         342   3420.0000000000000        6764.8984691632650        32.812604299584947     
         343   3430.0000000000000        6755.0299030497254        32.788662215568479     
         344   3440.0000000000000        6745.2043998081799        32.764807225450099     
         345   3450.0000000000000        6735.4216471621612        32.741038760607069     
         346   3460.0000000000000        6725.6813359963553        32.717356257763583     
         347   3470.0000000000000        6715.9831603155781        32.693759158925197     
         348   3480.0000000000000        6706.3268172044027        32.670246911314230     
         349   3490.0000000000000        6696.7120067874175        32.646818967306224     
         350   3500.0000000000000        6687.1384321901132        32.623474784367247     
         351   3510.0000000000000        6677.6057995003821        32.600213824992224     
         352   3520.0000000000000        6668.1138177306175        32.577035556644148     
         353   3530.0000000000000        6658.6621987804137        32.553939451694184     
         354   3540.0000000000000        6649.2506573998235        32.530924987362702     
         355   3550.0000000000000        6639.8789111532187        32.507991645661157     
         356   3560.0000000000000        6630.5466803836753        32.485138913334815     
         357   3570.0000000000000        6621.2536881779324        32.462366281806368     
         358   3580.0000000000000        6611.9996603318741        32.439673247120325     
         359   3590.0000000000000        6602.7843253165565        32.417059309888245     
         360   3600.0000000000000        6593.6074142447333        32.394523975234762     
         361   3610.0000000000000        6584.4686608379097        32.372066752744423     
         362   3620.0000000000000        6575.3678013938897        32.349687156409210     
         363   3630.0000000000000        6566.3045747548185        32.327384704576964     
         364   3640.0000000000000        6557.2787222757033        32.305158919900421     
         365   3650.0000000000000        6548.2899877934096        32.283009329287040     
         366   3660.0000000000000        6539.3381175961304        32.260935463849570     
         367   3670.0000000000000        6530.4228603933043        32.238936858857279     
         368   3680.0000000000000        6521.5439672859948        32.217013053687907     
         369   3690.0000000000000        6512.7011917376940        32.195163591780315     
         370   3700.0000000000000        6503.8942895455775        32.173388020587751     
         371   3710.0000000000000        6495.1230188121790        32.151685891531855     
         372   3720.0000000000000        6486.3871399174814        32.130056759957263     
         373   3730.0000000000000        6477.6864154914256        32.108500185086861     
         374   3740.0000000000000        6469.0206103868159        32.087015729977651     
         375   3750.0000000000000        6460.3894916526342        32.065602961477296     
         376   3760.0000000000000        6451.7928285077342        32.044261450181189     
         377   3770.0000000000000        6443.2303923149220        32.022990770390194     
         378   3780.0000000000000        6434.7019565554237        32.001790500068914     
         379   3790.0000000000000        6426.2072968037064        31.980660220804594     
         380   3800.0000000000000        6417.7461907026782        31.959599517766538     
         381   3810.0000000000000        6409.3184179392447        31.938607979666134     
         382   3820.0000000000000        6400.9237602202093        31.917685198717390     
         383   3830.0000000000000        6392.5620012485278        31.896830770598044     
         384   3840.0000000000000        6384.2329266998995        31.876044294411184     
         385   3850.0000000000000        6375.9363241996971        31.855325372647393     
         386   3860.0000000000000        6367.6719833002180        31.834673611147419     
         387   3870.0000000000000        6359.4396954582671        31.814088619065359     
         388   3880.0000000000000        6351.2392540130541        31.793570008832315     
         389   3890.0000000000000        6343.0704541644009        31.773117396120558     
         390   3900.0000000000000        6334.9330929512607        31.752730399808183     
         391   3910.0000000000000        6326.8269692305412        31.732408641944232     
         392   3920.0000000000000        6318.7518836562167        31.712151747714262     
         393   3930.0000000000000        6310.7076386587387        31.691959345406417     
         394   3940.0000000000000        6302.6940384247373        31.671831066377905     
         395   3950.0000000000000        6294.7108888769981        31.651766545021978     
         396   3960.0000000000000        6286.7579976547177        31.631765418735281     
         397   3970.0000000000000        6278.8351740940452        31.611827327885688     
         398   3980.0000000000000        6270.9422292088748        31.591951915780555     
         399   3990.0000000000000        6263.0789756719150        31.572138828635353     
         400   4000.0000000000000        6255.2452277960138        31.552387715542757     
         401   4010.0000000000000        6247.4408015157451        31.532698228442129     
         402   4020.0000000000000        6239.6655143692406        31.513070022089380     
         403   4030.0000000000000        6231.9191854802739        31.493502754027240     
         404   4040.0000000000000        6224.2016355405885        31.473996084555932     
         405   4050.0000000000000        6216.5126867924637        31.454549676704183     
         406   4060.0000000000000        6208.8521630115183        31.435163196200659     
         407   4070.0000000000000        6201.2198894897483        31.415836311445727     
         408   4080.0000000000000        6193.6156930187899        31.396568693483609     
         409   4090.0000000000000        6186.0394018734123        31.377360015974883     
         410   4100.0000000000000        6178.4908457952270        31.358209955169340     
         411   4110.0000000000000        6170.9698559766175        31.339118189879169     
         412   4120.0000000000000        6163.4762650448856        31.320084401452529     
         413   4130.0000000000000        6156.0099070466076        31.301108273747403     
         414   4140.0000000000000        6148.5706174321958        31.282189493105818     
         415   4150.0000000000000        6141.1582330406682        31.263327748328390     
         416   4160.0000000000000        6133.7725920846196        31.244522730649173     
         417   4170.0000000000000        6126.4135341353858        31.225774133710843     
         418   4180.0000000000000        6119.0809001084126        31.207081653540179     
         419   4190.0000000000000        6111.7745322488099        31.188444988523866     
         420   4200.0000000000000        6104.4942741170935        31.169863839384597     
         421   4210.0000000000000        6097.2399705751213        31.151337909157451     
         422   4220.0000000000000        6090.0114677722049        31.132866903166605     
         423   4230.0000000000000        6082.8086131314067        31.114450529002305     
         424   4240.0000000000000        6075.6312553360131        31.096088496498130     
         425   4250.0000000000000        6068.4792443161805        31.077780517708547     
         426   4260.0000000000000        6061.3524312357640        31.059526306886724     
         427   4270.0000000000000        6054.2506684792970        31.041325580462630     
         428   4280.0000000000000        6047.1738096391609        31.023178057021415     
         429   4290.0000000000000        6040.1217095028978        31.005083457282012     
         430   4300.0000000000000        6033.0942240407039        30.987041504076057     
         431   4310.0000000000000        6026.0912103930696        30.969051922327019     
         432   4320.0000000000000        6019.1125268585838        30.951114439029610     
         433   4330.0000000000000        6012.1580328818900        30.933228783229438     
         434   4340.0000000000000        6005.2275890417977        30.915394686002909     
         435   4350.0000000000000        5998.3210570395413        30.897611880437356     
         436   4360.0000000000000        5991.4382996871909        30.879880101611437     
         437   4370.0000000000000        5984.5791808962049        30.862199086575739     
         438   4380.0000000000000        5977.7435656661319        30.844568574333636     
         439   4390.0000000000000        5970.9313200734432        30.826988305822358     
         440   4400.0000000000000        5964.1423112605216        30.809458023894308     
         441   4410.0000000000000        5957.3764074247756        30.791977473298580     
         442   4420.0000000000000        5950.6334778078854        30.774546400662711     
         443   4430.0000000000000        5943.9133926852001        30.757164554474638     
         444   4440.0000000000000        5937.2160233552477        30.739831685064885     
         445   4450.0000000000000        5930.5412421293877        30.722547544588945     
         446   4460.0000000000000        5923.8889223215783        30.705311887009870     
         447   4470.0000000000000        5917.2589382382876        30.688124468081082     
         448   4480.0000000000000        5910.6511651685096        30.670985045329360     
         449   4490.0000000000000        5904.0654793739204        30.653893378038056     
         450   4500.0000000000000        5897.5017580791355        30.636849227230481     
         451   4510.0000000000000        5890.9598794621070        30.619852355653496     
         452   4520.0000000000000        5884.4397226446190        30.602902527761294     
         453   4530.0000000000000        5877.9411676829113        30.585999509699366     
         454   4540.0000000000000        5871.4640955584109        30.569143069288661     
         455   4550.0000000000000        5865.0083881685750        30.552332976009922     
         456   4560.0000000000000        5858.5739283178473        30.535569000988197     
         457   4570.0000000000000        5852.1605997087263        30.518850916977541     
         458   4580.0000000000000        5845.7682869329292        30.502178498345884     
         459   4590.0000000000000        5839.3968754626731        30.485551521060085     
         460   4600.0000000000000        5833.0462516420594        30.468969762671122     
         461   4610.0000000000000        5826.7163026785538        30.452433002299514     
         462   4620.0000000000000        5820.4069166345762        30.435941020620835     
         463   4630.0000000000000        5814.1179824191822        30.419493599851450     
         464   4640.0000000000000        5807.8493897798526        30.403090523734384     
         465   4650.0000000000000        5801.6010292943711        30.386731577525349     
         466   4660.0000000000000        5795.3727923628048        30.370416547978959     
         467   4670.0000000000000        5789.1645711995770        30.354145223335053     
         468   4680.0000000000000        5782.9762588256281        30.337917393305212     
         469   4690.0000000000000        5776.8077490606784        30.321732849059405     
         470   4700.0000000000000        5770.6589365155742        30.305591383212800     
         471   4710.0000000000000        5764.5297165847242        30.289492789812698     
         472   4720.0000000000000        5758.4199854386252        30.273436864325639     
         473   4730.0000000000000        5752.3296400164772        30.257423403624639     
         474   4740.0000000000000        5746.2585780188765        30.241452205976561     
         475   4750.0000000000000        5740.2066979006067        30.225523071029649     
         476   4760.0000000000000        5734.1738988634970        30.209635799801163     
         477   4770.0000000000000        5728.1600808493740        30.193790194665191     
         478   4780.0000000000000        5722.1651445330954        30.177986059340572     
         479   4790.0000000000000        5716.1889913156519        30.162223198878941     
         480   4800.0000000000000        5710.2315233173631        30.146501419652935     
         481   4810.0000000000000        5704.2926433711418        30.130820529344511     
         482   4820.0000000000000        5698.3722550158373        30.115180336933381     
         483   4830.0000000000000        5692.4702624896536        30.099580652685589     
         484   4840.0000000000000        5686.5865707236489        30.084021288142218     
         485   4850.0000000000000        5680.7210853352963        30.068502056108187     
         486   4860.0000000000000        5674.8737126221331        30.053022770641206     
         487   4870.0000000000000        5669.0443595554652        30.037583247040839     
         488   4880.0000000000000        5663.2329337741585        30.022183301837657     
         489   4890.0000000000000        5657.4393435784868        30.006822752782561     
         490   4900.0000000000000        5651.6634979240571        29.991501418836162     
         491   4910.0000000000000        5645.9053064158006        29.976219120158316     
         492   4920.0000000000000        5640.1646793020309        29.960975678097764     
         493   4930.0000000000000        5634.4415274685662        29.945770915181861     
         494   4940.0000000000000        5628.7357624329234        29.930604655106425     
         495   4950.0000000000000        5623.0472963385655        29.915476722725717     
         496   4960.0000000000000        5617.3760419492273        29.900386944042495     
         497   4970.0000000000000        5611.7219126432919        29.885335146198180     
         498   4980.0000000000000        5606.0848224082356        29.870321157463138     
         499   4990.0000000000000        5600.4646858351334        29.855344807227063     
         500   5000.0000000000000        5594.8614181132170        29.840405925989447     
