           1   10.000000000000000        642304.62335675722        4761.2989999997899     
           2   20.000000000000000        329057.74799750181        3366.7499999980232     
           3   30.000000000000000        223681.90010596230        2748.9419999985835     
           4   40.000000000000000        170594.43061408604        2380.6549999989211     
           5   50.000000000000000        138528.28202270844        2129.3239999991433     
           6   60.000000000000000        117020.06622600004        1943.7999999993299     
           7   70.000000000000000        101569.81965333280        1799.6099999994608     
           8   80.000000000000000        89920.356092752860        1683.3819999995649     
           9   90.000000000000000        80813.932491790605        1587.1089999996541     
          10   100.00000000000000        73493.770344204386        1505.6649999997269     
          11   110.00000000000000        67476.987203000273        1435.5959999997899     
          12   120.00000000000000        62440.831530843745        1374.4799999998459     
          13   130.00000000000000        58161.305687321073        1320.5589999998954     
          14   140.00000000000000        54478.028132302818        1272.5229999999399     
          15   150.00000000000000        51273.112943063788        1229.3749999999779     
          16   160.00000000000000        48457.946578510739        1190.3380000000143     
          17   170.00000000000000        45964.617325794010        1154.7990000000452     
          18   180.00000000000000        43740.192197798482        1122.2630000000756     
          19   190.00000000000000        41742.794970160110        1092.3320000001036     
          20   200.00000000000000        39938.856425547208        1064.6740000001278     
          21   210.00000000000000        38301.147368224803        1039.0160000001524     
          22   220.00000000000000        36807.345887022500        1015.1280000001640     
          23   230.00000000000000        35438.976867703161        992.81600000015919     
          24   240.00000000000000        34180.615467453616        971.91300000015451     
          25   250.00000000000000        33019.280937599920        952.27700000014852     
          26   260.00000000000000        31943.969662967447        933.78500000014412     
          27   270.00000000000000        30945.291489313531        916.33000000014147     
          28   280.00000000000000        30015.183601811295        899.81900000013798     
          29   290.00000000000000        29146.683295282633        884.17000000013320     
          30   300.00000000000000        28333.745952743506        869.30900000013128     
          31   310.00000000000000        27571.098102164429        855.17400000012651     
          32   320.00000000000000        26854.117807745926        841.70600000012507     
          33   330.00000000000000        26178.736765480062        828.85600000012096     
          34   340.00000000000000        25541.359498086033        816.57600000011769     
          35   350.00000000000000        24938.796403114964        804.82700000011619     
          36   360.00000000000000        24368.207816485865        793.57100000011258     
          37   370.00000000000000        23827.057142241403        782.77400000011005     
          38   380.00000000000000        23313.071323345444        772.40600000010932     
          39   390.00000000000000        22824.207350450681        762.44000000010624     
          40   400.00000000000000        22358.623756719451        752.85000000010382     
          41   410.00000000000000        21914.656274639659        743.61300000010260     
          42   420.00000000000000        21490.796929296215        734.70700000010072     
          43   430.00000000000000        21085.676051128761        726.11400000009860     
          44   440.00000000000000        20698.046693813838        717.81600000009666     
          45   450.00000000000000        20326.771136217511        709.79600000009293     
          46   460.00000000000000        19970.809132646544        702.03900000009253     
          47   470.00000000000000        19629.207643706475        694.53100000009101     
          48   480.00000000000000        19301.091845375904        687.25900000008869     
          49   490.00000000000000        18985.657226489497        680.21000000008826     
          50   500.00000000000000        18682.162643995463        673.37400000008518     
          51   510.00000000000000        18389.924164549331        666.74100000008445     
          52   520.00000000000000        18108.309614570710        660.29900000008161     
          53   530.00000000000000        17836.733778937811        654.04100000008157     
          54   540.00000000000000        17574.654069380671        647.95700000007980     
          55   550.00000000000000        17321.566716313555        642.04000000007886     
          56   560.00000000000000        17077.003326629630        636.28200000007655     
          57   570.00000000000000        16840.527823777691        630.67600000007542     
          58   580.00000000000000        16611.733694257604        625.21600000007561     
          59   590.00000000000000        16390.241507868624        619.89600000007249     
          60   600.00000000000000        16175.696683598155        614.70900000007339     
          61   610.00000000000000        15967.767488492807        609.65000000007126     
          62   620.00000000000000        15766.143210032886        604.71400000007100     
          63   630.00000000000000        15570.532508200871        599.89600000006794     
          64   640.00000000000000        15380.661920656703        595.19100000006699     
          65   650.00000000000000        15196.274508359740        590.59500000006585     
          66   660.00000000000000        15017.128615987545        586.10400000006700     
          67   670.00000000000000        14842.996745827169        581.71400000006577     
          68   680.00000000000000        14673.664533730864        577.42200000006460     
          69   690.00000000000000        14508.929799024949        573.22300000006362     
          70   700.00000000000000        14348.601699662768        569.11400000006290     
          71   710.00000000000000        14192.499937373101        565.09200000006012     
          72   720.00000000000000        14040.454038693886        561.15500000006011     
          73   730.00000000000000        13892.302677152482        557.29800000005821     
          74   740.00000000000000        13747.893091041522        553.52100000005919     
          75   750.00000000000000        13607.080482764895        549.81800000005842     
          76   760.00000000000000        13469.727546018299        546.19000000005587     
          77   770.00000000000000        13335.703942503187        542.63200000005645     
          78   780.00000000000000        13204.885894715095        539.14300000005539     
          79   790.00000000000000        13077.155756761293        535.72000000005517     
          80   800.00000000000000        12952.401646382630        532.36100000005342     
          81   810.00000000000000        12830.517094346280        529.06500000005258     
          82   820.00000000000000        12711.400712613928        525.83000000005268     
          83   830.00000000000000        12594.955892575987        522.65300000005141     
          84   840.00000000000000        12481.090534403076        519.53300000005117     
          85   850.00000000000000        12369.716776170471        516.46800000004964     
          86   860.00000000000000        12260.750757466840        513.45700000004922     
          87   870.00000000000000        12154.112386518236        510.49800000004763     
          88   880.00000000000000        12049.725135559882        507.59000000004716     
          89   890.00000000000000        11947.515837374329        504.73100000004791     
          90   900.00000000000000        11847.414504495364        501.91900000004756     
          91   910.00000000000000        11749.354163440761        499.15400000004610     
          92   920.00000000000000        11653.270681114236        496.43400000004596     
          93   930.00000000000000        11559.102623607028        493.75800000004477     
          94   940.00000000000000        11466.791111851311        491.12500000004496     
          95   950.00000000000000        11376.279689264942        488.53400000004416     
          96   960.00000000000000        11287.514194512922        485.98300000004241     
          97   970.00000000000000        11200.442654111966        483.47200000004210     
          98   980.00000000000000        11115.015160647692        480.99900000004089     
          99   990.00000000000000        11031.183781983145        478.56400000004118     
         100   1000.0000000000000        10948.902455257028        476.16600000004058     
         101   1010.0000000000000        10868.126895778916        473.80300000004155     
         102   1020.0000000000000        10788.814520103544        471.47500000003930     
         103   1030.0000000000000        10710.924356098423        469.18100000003864     
         104   1040.0000000000000        10634.416969619338        466.92000000003958     
         105   1050.0000000000000        10559.254395414058        464.69200000003735     
         106   1060.0000000000000        10485.400060332322        462.49500000003678     
         107   1070.0000000000000        10412.818730812591        460.32900000003787     
         108   1080.0000000000000        10341.476446279317        458.19400000003583     
         109   1090.0000000000000        10271.340453141313        456.08700000003552     
         110   1100.0000000000000        10202.379173499676        454.01000000003688     
         111   1110.0000000000000        10134.562125006863        451.96000000003522     
         112   1120.0000000000000        10067.859900768690        449.93900000003526     
         113   1130.0000000000000        10002.244094734244        447.94400000003469     
         114   1140.0000000000000        9937.6872806865231        445.97500000003350     
         115   1150.0000000000000        9874.1629621911361        444.03200000003409     
         116   1160.0000000000000        9811.6455304465817        442.11400000003408     
         117   1170.0000000000000        9750.1102324941476        440.22100000003348     
         118   1180.0000000000000        9689.5331301495626        438.35200000003232     
         119   1190.0000000000000        9629.8910718017742        436.50700000003297     
         120   1200.0000000000000        9571.1616548259244        434.68500000003070     
         121   1210.0000000000000        9513.3231978514941        432.88500000003029     
         122   1220.0000000000000        9456.3547171563059        431.10800000003172     
         123   1230.0000000000000        9400.2358854408667        429.35200000003027     
         124   1240.0000000000000        9344.9470191158925        427.61700000003071     
         125   1250.0000000000000        9290.4690504582668        425.90400000003063     
         126   1260.0000000000000        9236.7834930070094        424.21100000003008     
         127   1270.0000000000000        9183.8724322276921        422.53800000002906     
         128   1280.0000000000000        9131.7184957519257        420.88400000002758     
         129   1290.0000000000000        9080.3048406073922        419.25000000002802     
         130   1300.0000000000000        9029.6151228424587        417.63500000002801     
         131   1310.0000000000000        8979.6334839651081        416.03800000002758     
         132   1320.0000000000000        8930.3445355089279        414.45900000002672     
         133   1330.0000000000000        8881.7333417452628        412.89900000002541     
         134   1340.0000000000000        8833.7853902331753        411.35500000002611     
         135   1350.0000000000000        8786.4865994355205        409.82900000002638     
         136   1360.0000000000000        8739.8232828823275        408.32000000002625     
         137   1370.0000000000000        8693.7821425652728        406.82700000002575     
         138   1380.0000000000000        8648.3502602276767        405.35100000002484     
         139   1390.0000000000000        8603.5150739093770        403.89100000002355     
         140   1400.0000000000000        8559.2643704369129        402.44600000002430     
         141   1410.0000000000000        8515.5862783409630        401.01700000002467     
         142   1420.0000000000000        8472.4692435885645        399.60200000002470     
         143   1430.0000000000000        8429.9020360924824        398.20300000002436     
         144   1440.0000000000000        8387.8737189071016        396.81800000002369     
         145   1450.0000000000000        8346.3736555458327        395.44800000002266     
         146   1460.0000000000000        8305.3914876419913        394.09200000002130     
         147   1470.0000000000000        8264.9171305309992        392.74900000002202     
         148   1480.0000000000000        8224.9407691091656        391.42000000002241     
         149   1490.0000000000000        8185.4528416952744        390.10500000002247     
         150   1500.0000000000000        8146.4440317170738        388.80300000002222     
         151   1510.0000000000000        8107.9052621542342        387.51300000002169     
         152   1520.0000000000000        8069.8276951003445        386.23700000002083     
         153   1530.0000000000000        8032.2027072911251        384.97300000001968     
         154   1540.0000000000000        7995.0218975925791        383.72100000002064     
         155   1550.0000000000000        7958.2770776560310        382.48200000001890     
         156   1560.0000000000000        7921.9602556939863        381.25400000001929     
         157   1570.0000000000000        7886.0636445665978        380.03800000001939     
         158   1580.0000000000000        7850.5796460280162        378.83400000001922     
         159   1590.0000000000000        7815.5008448762392        377.64100000001878     
         160   1600.0000000000000        7780.8200080453062        376.45900000001808     
         161   1610.0000000000000        7746.5300791060245        375.28900000001710     
         162   1620.0000000000000        7712.6241635586985        374.12900000001827     
         163   1630.0000000000000        7679.0955379299330        372.98000000001679     
         164   1640.0000000000000        7645.9376330902805        371.84100000001746     
         165   1650.0000000000000        7613.1440389249192        370.71300000001787     
         166   1660.0000000000000        7580.7084904254198        369.59500000001566     
         167   1670.0000000000000        7548.6248703179463        368.48700000001560     
         168   1680.0000000000000        7516.8872024849106        367.38900000001530     
         169   1690.0000000000000        7485.4896478794717        366.30100000001715     
         170   1700.0000000000000        7454.4264982853956        365.22200000001641     
         171   1710.0000000000000        7423.6921794088039        364.15300000001542     
         172   1720.0000000000000        7393.2812380058331        363.09300000001423     
         173   1730.0000000000000        7363.1883452226893        362.04200000001521     
         174   1740.0000000000000        7333.4082931313451        361.00100000001595     
         175   1750.0000000000000        7303.9359823333762        359.96800000001411     
         176   1760.0000000000000        7274.7664323852014        358.94400000001446     
         177   1770.0000000000000        7245.8947696070591        357.92900000001458     
         178   1780.0000000000000        7217.3162263641580        356.92300000001450     
         179   1790.0000000000000        7189.0261359319720        355.92500000001422     
         180   1800.0000000000000        7161.0199341882517        354.93500000001376     
         181   1810.0000000000000        7133.2931546467416        353.95300000001311     
         182   1820.0000000000000        7105.8414280530387        352.98000000001224     
         183   1830.0000000000000        7078.6604709693902        352.01400000001360     
         184   1840.0000000000000        7051.7460988497069        351.05700000001235     
         185   1850.0000000000000        7025.0942059426025        350.10700000001333     
         186   1860.0000000000000        6998.7007784656153        349.16500000001173     
         187   1870.0000000000000        6972.5618813463334        348.23000000001235     
         188   1880.0000000000000        6946.6736648494389        347.30300000001279     
         189   1890.0000000000000        6921.0323537210052        346.38300000001067     
         190   1900.0000000000000        6895.6342539005527        345.47100000001075     
         191   1910.0000000000000        6870.4757418392310        344.56600000001066     
         192   1920.0000000000000        6845.5532669703580        343.66700000001043     
         193   1930.0000000000000        6820.8633563248886        342.77600000001001     
         194   1940.0000000000000        6796.4025997666376        341.89200000000943     
         195   1950.0000000000000        6772.1676547681709        341.01400000001109     
         196   1960.0000000000000        6748.1552490018594        340.14300000001020     
         197   1970.0000000000000        6724.3621722543285        339.27900000000915     
         198   1980.0000000000000        6700.7852769973179        338.42200000001031     
         199   1990.0000000000000        6677.4214747268143        337.57100000000895     
         200   2000.0000000000000        6654.2677387297672        336.72600000000983     
         201   2010.0000000000000        6631.3211004966815        335.88700000000819     
         202   2020.0000000000000        6608.5786504220741        335.05500000000876     
         203   2030.0000000000000        6586.0375301104978        334.22900000000919     
         204   2040.0000000000000        6563.6949373885745        333.40900000000948     
         205   2050.0000000000000        6541.5481228997060        332.59500000000725     
         206   2060.0000000000000        6519.5943888535212        331.78700000000725     
         207   2070.0000000000000        6497.8310878103466        330.98500000000712     
         208   2080.0000000000000        6476.2556214992937        330.18900000000684     
         209   2090.0000000000000        6454.8654376001741        329.39800000000645     
         210   2100.0000000000000        6433.6580348483712        328.61300000000830     
         211   2110.0000000000000        6412.6309557198638        327.83400000000762     
         212   2120.0000000000000        6391.7817854015630        327.06000000000682     
         213   2130.0000000000000        6371.1081569413418        326.29200000000588     
         214   2140.0000000000000        6350.6077420203428        325.52900000000722     
         215   2150.0000000000000        6330.2782561535250        324.77100000000604     
         216   2160.0000000000000        6310.1174577226211        324.01900000000711     
         217   2170.0000000000000        6290.1231389089771        323.27100000000570     
         218   2180.0000000000000        6270.2931390581025        322.52900000000653     
         219   2190.0000000000000        6250.6253295630686        321.79200000000486     
         220   2200.0000000000000        6231.1176211584052        321.06000000000546     
         221   2210.0000000000000        6211.7679630734019        320.33400000000591     
         222   2220.0000000000000        6192.5743321669806        319.61100000000630     
         223   2230.0000000000000        6173.5347522760476        318.89400000000416     
         224   2240.0000000000000        6154.6472733270875        318.18200000000428     
         225   2250.0000000000000        6135.9099786656470        317.47400000000431     
         226   2260.0000000000000        6117.3209883171812        316.77100000000422     
         227   2270.0000000000000        6098.8784522822179        316.07300000000401     
         228   2280.0000000000000        6080.5805498755490        315.37900000000371     
         229   2290.0000000000000        6062.4254950127779        314.69000000000329     
         230   2300.0000000000000        6044.4115295996644        314.00600000000514     
         231   2310.0000000000000        6026.5369229207199        313.32600000000451     
         232   2320.0000000000000        6008.7999749739483        312.65000000000379     
         233   2330.0000000000000        5991.1990138871988        311.97800000000296     
         234   2340.0000000000000        5973.7323972892600        311.31100000000441     
         235   2350.0000000000000        5956.3985058613162        310.64800000000338     
         236   2360.0000000000000        5939.1957506139743        309.99000000000223     
         237   2370.0000000000000        5922.1225625840025        309.33500000000339     
         238   2380.0000000000000        5905.1774059426789        308.68500000000205     
         239   2390.0000000000000        5888.3587638498930        308.03900000000300     
         240   2400.0000000000000        5871.6651457369435        307.39700000000147     
         241   2410.0000000000000        5855.0950848668272        306.75900000000223     
         242   2420.0000000000000        5838.6471359308780        306.12400000000292     
         243   2430.0000000000000        5822.3198822800896        305.49400000000111     
         244   2440.0000000000000        5806.1119239136515        304.86800000000159     
         245   2450.0000000000000        5790.0218828284824        304.24500000000199     
         246   2460.0000000000000        5774.0484063989297        303.62600000000231     
         247   2470.0000000000000        5758.1901612021820        303.01100000000253     
         248   2480.0000000000000        5742.4458345221619        302.40000000000265     
         249   2490.0000000000000        5726.8141320488530        301.79200000000031     
         250   2500.0000000000000        5711.2937831790250        301.18800000000027     
         251   2510.0000000000000        5695.8835349267638        300.58800000000014     
         252   2520.0000000000000        5680.5821515640964        299.99099999999993     
         253   2530.0000000000000        5665.3884199166368        299.39799999999963     
         254   2540.0000000000000        5650.3011414549519        298.80800000000164     
         255   2550.0000000000000        5635.3191394761707        298.22200000000117     
         256   2560.0000000000000        5620.4412512433073        297.63900000000064     
         257   2570.0000000000000        5605.6663351515963        297.06000000000000     
         258   2580.0000000000000        5590.9932629130017        296.48399999999930     
         259   2590.0000000000000        5576.4209248501375        295.91100000000091     
         260   2600.0000000000000        5561.9482295648459        295.34200000000004     
         261   2610.0000000000000        5547.5740980566425        294.77599999999910     
         262   2620.0000000000000        5533.2974690068095        294.21300000000048     
         263   2630.0000000000000        5519.1172966212280        293.65299999999939     
         264   2640.0000000000000        5505.0325521865270        293.09699999999822     
         265   2650.0000000000000        5491.0422164209185        292.54299999999938     
         266   2660.0000000000000        5477.1452920942675        291.99299999999806     
         267   2670.0000000000000        5463.3407908736062        291.44599999999906     
         268   2680.0000000000000        5449.6277404244474        290.90199999999999     
         269   2690.0000000000000        5436.0051823125923        290.36099999999846     
         270   2700.0000000000000        5422.4721717536368        289.82299999999924     
         271   2710.0000000000000        5409.0277773694543        289.28799999999757     
         272   2720.0000000000000        5395.6710809467440        288.75599999999821     
         273   2730.0000000000000        5382.4011772033973        288.22699999999878     
         274   2740.0000000000000        5369.2171735590273        287.70099999999928     
         275   2750.0000000000000        5356.1181881061057        287.17699999999735     
         276   2760.0000000000000        5343.1033566104388        286.65699999999771     
         277   2770.0000000000000        5330.1718196623870        286.13899999999802     
         278   2780.0000000000000        5317.3227350935522        285.62399999999826     
         279   2790.0000000000000        5304.5552705564251        285.11199999999843     
         280   2800.0000000000000        5291.8686051278846        284.60299999999853     
         281   2810.0000000000000        5279.2619273244745        284.09599999999620     
         282   2820.0000000000000        5266.7344402724311        283.59199999999618     
         283   2830.0000000000000        5254.2853561492166        283.09099999999609     
         284   2840.0000000000000        5241.9138960134933        282.59199999999595     
         285   2850.0000000000000        5229.6192949582855        282.09599999999574     
         286   2860.0000000000000        5217.4007965911069        281.60299999999785     
         287   2870.0000000000000        5205.2576528773843        281.11199999999752     
         288   2880.0000000000000        5193.1891292730297        280.62399999999712     
         289   2890.0000000000000        5181.1944974868829        280.13799999999668     
         290   2900.0000000000000        5169.2730423751646        279.65499999999616     
         291   2910.0000000000000        5157.4240547345353        279.17399999999560     
         292   2920.0000000000000        5145.6468381790664        278.69599999999497     
         293   2930.0000000000000        5133.9407019629907        278.21999999999667     
         294   2940.0000000000000        5122.3049678409488        277.74699999999592     
         295   2950.0000000000000        5110.7389629203444        277.27599999999512     
         296   2960.0000000000000        5099.2420247646060        276.80699999999666     
         297   2970.0000000000000        5087.8135012351586        276.34099999999574     
         298   2980.0000000000000        5076.4527451368422        275.87699999999478     
         299   2990.0000000000000        5065.1591210334127        275.41599999999613     
         300   3000.0000000000000        5053.9319981729786        274.95699999999505     
         301   3010.0000000000000        5042.7707555597244        274.49999999999631     
         302   3020.0000000000000        5031.6747800890644        274.04499999999513     
         303   3030.0000000000000        5020.6434681399687        273.59299999999388     
         304   3040.0000000000000        5009.6762202877362        273.14299999999497     
         305   3050.0000000000000        4998.7724463520835        272.69499999999363     
         306   3060.0000000000000        4987.9315635510247        272.24899999999462     
         307   3070.0000000000000        4977.1529963862085        271.80499999999557     
         308   3080.0000000000000        4966.4361782317665        271.36399999999406     
         309   3090.0000000000000        4955.7805461009020        270.92499999999490     
         310   3100.0000000000000        4945.1855456627918        270.48799999999329     
         311   3110.0000000000000        4934.6506294221144        270.05299999999403     
         312   3120.0000000000000        4924.1752566140094        269.61999999999472     
         313   3130.0000000000000        4913.7588930990760        269.18899999999297     
         314   3140.0000000000000        4903.4010112609985        268.75999999999357     
         315   3150.0000000000000        4893.1010899059247        268.33299999999412     
         316   3160.0000000000000        4882.8586158478138        267.90899999999459     
         317   3170.0000000000000        4872.6730770742370        267.48599999999266     
         318   3180.0000000000000        4862.5439727612620        267.06499999999306     
         319   3190.0000000000000        4852.4708064371516        266.64599999999342     
         320   3200.0000000000000        4842.4530892508938        266.22999999999371     
         321   3210.0000000000000        4832.4903331873029        265.81499999999397     
         322   3220.0000000000000        4822.5820610242481        265.40199999999419     
         323   3230.0000000000000        4812.7277995466866        264.99099999999197     
         324   3240.0000000000000        4802.9270811372962        264.58199999999209     
         325   3250.0000000000000        4793.1794436916389        264.17499999999217     
         326   3260.0000000000000        4783.4844305384204        263.76999999999219     
         327   3270.0000000000000        4773.8415887015926        263.36599999999220     
         328   3280.0000000000000        4764.2504754455977        262.96499999999213     
         329   3290.0000000000000        4754.7106466085424        262.56499999999204     
         330   3300.0000000000000        4745.2216681091149        262.16699999999190     
         331   3310.0000000000000        4735.7831092545121        261.77099999999172     
         332   3320.0000000000000        4726.3945426785149        261.37599999999151     
         333   3330.0000000000000        4717.0555508420039        260.98399999999123     
         334   3340.0000000000000        4707.7657144617351        260.59299999999092     
         335   3350.0000000000000        4698.5246239353137        260.20399999999296     
         336   3360.0000000000000        4689.3318727058759        259.81699999999256     
         337   3370.0000000000000        4680.1870572059725        259.43099999999214     
         338   3380.0000000000000        4671.0897816867773        259.04699999999167     
         339   3390.0000000000000        4662.0396532540799        258.66499999999115     
         340   3400.0000000000000        4653.0362834369407        258.28499999999059     
         341   3410.0000000000000        4644.0792865066533        257.90599999999239     
         342   3420.0000000000000        4635.1682842794262        257.52899999999175     
         343   3430.0000000000000        4626.3028995702562        257.15299999999110     
         344   3440.0000000000000        4617.4827626092501        256.77899999999039     
         345   3450.0000000000000        4608.7075061268297        256.40699999999202     
         346   3460.0000000000000        4599.9767669162839        256.03699999999122     
         347   3470.0000000000000        4591.2901841705116        255.66799999998960     
         348   3480.0000000000000        4582.6474026469323        255.29999999998930     
         349   3490.0000000000000        4574.0480725991765        254.93399999998948     
         350   3500.0000000000000        4565.4918465148539        254.56999999998968     
         351   3510.0000000000000        4556.9783790715564        254.20699999998939     
         352   3520.0000000000000        4548.5073318840396        253.84599999998960     
         353   3530.0000000000000        4540.0783686487830        253.48699999998982     
         354   3540.0000000000000        4531.6911551076073        253.12899999998956     
         355   3550.0000000000000        4523.3453621839271        252.77199999998979     
         356   3560.0000000000000        4515.0406659237206        252.41699999998954     
         357   3570.0000000000000        4506.7767426847295        252.06299999998978     
         358   3580.0000000000000        4498.5532754377682        251.71099999998955     
         359   3590.0000000000000        4490.3699489602986        251.36099999998982     
         360   3600.0000000000000        4482.2264482240435        251.01099999998959     
         361   3610.0000000000000        4474.1224693975737        250.66399999998987     
         362   3620.0000000000000        4466.0577024459426        250.31699999998966     
         363   3630.0000000000000        4458.0318500007606        249.97299999998995     
         364   3640.0000000000000        4450.0446084301630        249.62899999998976     
         365   3650.0000000000000        4442.0956850914135        249.28699999999006     
         366   3660.0000000000000        4434.1847872856251        248.94699999998988     
         367   3670.0000000000000        4426.3116222396338        248.60699999998971     
         368   3680.0000000000000        4418.4759080061103        248.26999999999003     
         369   3690.0000000000000        4410.6773562345570        247.93299999998987     
         370   3700.0000000000000        4402.9156893090549        247.59799999999021     
         371   3710.0000000000000        4395.1906278290535        247.26399999999006     
         372   3720.0000000000000        4387.5018983601831        246.93199999998993     
         373   3730.0000000000000        4379.8492271777513        246.60099999998980     
         374   3740.0000000000000        4372.2323448953612        246.27099999999015     
         375   3750.0000000000000        4364.6509864165719        245.94299999999004     
         376   3760.0000000000000        4357.1048862603539        245.61599999998992     
         377   3770.0000000000000        4349.5937831704814        245.28999999999030     
         378   3780.0000000000000        4342.1174185314685        244.96499999999020     
         379   3790.0000000000000        4334.6755378726730        244.64199999999011     
         380   3800.0000000000000        4327.2678862187267        244.31999999999002     
         381   3810.0000000000000        4319.8942142103442        243.99999999998994     
         382   3820.0000000000000        4312.5542703954261        243.67999999999034     
         383   3830.0000000000000        4305.2478119327125        243.36199999999027     
         384   3840.0000000000000        4297.9745938288470        243.04499999999021     
         385   3850.0000000000000        4290.7343765649075        242.72999999999016     
         386   3860.0000000000000        4283.5269184294084        242.41499999999010     
         387   3870.0000000000000        4276.3519861673249        242.10199999999006     
         388   3880.0000000000000        4269.2093442754449        241.78999999999050     
         389   3890.0000000000000        4262.0987610732082        241.47899999999046     
         390   3900.0000000000000        4255.0200086638142        241.16999999999044     
         391   3910.0000000000000        4247.9728568429800        240.86099999999041     
         392   3920.0000000000000        4240.9570836811117        240.55399999999040     
         393   3930.0000000000000        4233.9724648894662        240.24799999999038     
         394   3940.0000000000000        4227.0187798537636        239.94299999999038     
         395   3950.0000000000000        4220.0958100919179        239.63899999999038     
         396   3960.0000000000000        4213.2033407322806        239.33699999999038     
         397   3970.0000000000000        4206.3411544698674        239.03499999999039     
         398   3980.0000000000000        4199.5090420710694        238.73499999999041     
         399   3990.0000000000000        4192.7067918223065        238.43599999999043     
         400   4000.0000000000000        4185.9341955202663        238.13799999999046     
         401   4010.0000000000000        4179.1910469434169        237.84099999999049     
         402   4020.0000000000000        4172.4771418275013        237.54499999999052     
         403   4030.0000000000000        4165.7922778431775        237.24999999999056     
         404   4040.0000000000000        4159.1362560608095        236.95699999999061     
         405   4050.0000000000000        4152.5088749706865        236.66399999999066     
         406   4060.0000000000000        4145.9099408846623        236.37299999999072     
         407   4070.0000000000000        4139.3392560100447        236.08199999999078     
         408   4080.0000000000000        4132.7966303168505        235.79299999999085     
         409   4090.0000000000000        4126.2818711216651        235.50499999999045     
         410   4100.0000000000000        4119.7947875272876        235.21699999999052     
         411   4110.0000000000000        4113.3351948305608        234.93099999999060     
         412   4120.0000000000000        4106.9029056283298        234.64599999999069     
         413   4130.0000000000000        4100.4977357142025        234.36199999999079     
         414   4140.0000000000000        4094.1195025791289        234.07899999999088     
         415   4150.0000000000000        4087.7680253914255        233.79699999999099     
         416   4160.0000000000000        4081.4431249772156        233.51599999999061     
         417   4170.0000000000000        4075.1446238016024        233.23599999999072     
         418   4180.0000000000000        4068.8723459488356        232.95699999999084     
         419   4190.0000000000000        4062.6261171047609        232.67899999999096     
         420   4200.0000000000000        4056.4057645375651        232.40199999999061     
         421   4210.0000000000000        4050.2111170798435        232.12599999999074     
         422   4220.0000000000000        4044.0420051109422        231.85099999999088     
         423   4230.0000000000000        4037.8982605388501        231.57699999999102     
         424   4240.0000000000000        4031.7797167833160        231.30399999999068     
         425   4250.0000000000000        4025.6862087578156        231.03199999999083     
         426   4260.0000000000000        4019.6175728535759        230.76099999999099     
         427   4270.0000000000000        4013.5736469224234        230.49099999999115     
         428   4280.0000000000000        4007.5542688133119        230.22099999999082     
         429   4290.0000000000000        4001.5592821449836        229.95299999999099     
         430   4300.0000000000000        3995.5885276044614        229.68599999999117     
         431   4310.0000000000000        3989.6418472814953        229.41899999999086     
         432   4320.0000000000000        3983.7190889727826        229.15399999999104     
         433   4330.0000000000000        3977.8200960734780        228.88899999999123     
         434   4340.0000000000000        3971.9447176516933        228.62499999999093     
         435   4350.0000000000000        3966.0928041034936        228.36299999999113     
         436   4360.0000000000000        3960.2642028386363        228.10099999999085     
         437   4370.0000000000000        3954.4587668804729        227.83999999999105     
         438   4380.0000000000000        3948.6763491065253        227.57999999999126     
         439   4390.0000000000000        3942.9168036712013        227.32099999999099     
         440   4400.0000000000000        3937.1799845650298        227.06199999999120     
         441   4410.0000000000000        3931.4657513093712        226.80499999999094     
         442   4420.0000000000000        3925.7739589538460        226.54799999999116     
         443   4430.0000000000000        3920.1044694703055        226.29299999999139     
         444   4440.0000000000000        3914.4571403453565        226.03799999999114     
         445   4450.0000000000000        3908.8318345297039        225.78399999999138     
         446   4460.0000000000000        3903.2284147334481        225.53099999999114     
         447   4470.0000000000000        3897.6467448360190        225.27899999999138     
         448   4480.0000000000000        3892.0866884598427        225.02699999999115     
         449   4490.0000000000000        3886.5481146163411        224.77699999999140     
         450   4500.0000000000000        3881.0308877924731        224.52699999999118     
         451   4510.0000000000000        3875.5348778364173        224.27799999999144     
         452   4520.0000000000000        3870.0599542904552        224.02999999999122     
         453   4530.0000000000000        3864.6059877934231        223.78299999999149     
         454   4540.0000000000000        3859.1728486643046        223.53599999999128     
         455   4550.0000000000000        3853.7604125109706        223.29099999999156     
         456   4560.0000000000000        3848.3685503846314        223.04599999999135     
         457   4570.0000000000000        3842.9971385995832        222.80199999999115     
         458   4580.0000000000000        3837.6460531052103        222.55899999999144     
         459   4590.0000000000000        3832.3151694828643        222.31599999999125     
         460   4600.0000000000000        3827.0043685237388        222.07499999999155     
         461   4610.0000000000000        3821.7135264390440        221.83399999999136     
         462   4620.0000000000000        3816.4425246258129        221.59399999999167     
         463   4630.0000000000000        3811.1912440703595        221.35499999999149     
         464   4640.0000000000000        3805.9595653462152        221.11599999999132     
         465   4650.0000000000000        3800.7473727742067        220.87799999999163     
         466   4660.0000000000000        3795.5545502391187        220.64099999999146     
         467   4670.0000000000000        3790.3809825716230        220.40499999999130     
         468   4680.0000000000000        3785.2265555385729        220.16999999999163     
         469   4690.0000000000000        3780.0911544520541        219.93499999999148     
         470   4700.0000000000000        3774.9746683078906        219.70099999999132     
         471   4710.0000000000000        3769.8769856248705        219.46799999999166     
         472   4720.0000000000000        3764.7979958206206        219.23599999999152     
         473   4730.0000000000000        3759.7375878254488        219.00399999999138     
         474   4740.0000000000000        3754.6956542056196        218.77299999999173     
         475   4750.0000000000000        3749.6720870195463        218.54299999999159     
         476   4760.0000000000000        3744.6667778163692        218.31299999999146     
         477   4770.0000000000000        3739.6796217455549        218.08399999999182     
         478   4780.0000000000000        3734.7105134271887        217.85599999999170     
         479   4790.0000000000000        3729.7593483180008        217.62899999999158     
         480   4800.0000000000000        3724.8260213368594        217.40199999999146     
         481   4810.0000000000000        3719.9104309577178        217.17599999999183     
         482   4820.0000000000000        3715.0124750973168        216.95099999999172     
         483   4830.0000000000000        3710.1320524760122        216.72699999999162     
         484   4840.0000000000000        3705.2690612497022        216.50299999999152     
         485   4850.0000000000000        3700.4234030853358        216.27999999999190     
         486   4860.0000000000000        3695.5949777091614        216.05699999999180     
         487   4870.0000000000000        3690.7836883376699        215.83499999999171     
         488   4880.0000000000000        3685.9894375912954        215.61399999999162     
         489   4890.0000000000000        3681.2121288478224        215.39399999999202     
         490   4900.0000000000000        3676.4516648822582        215.17399999999193     
         491   4910.0000000000000        3671.7079519192157        214.95499999999186     
         492   4920.0000000000000        3666.9808955628869        214.73699999999178     
         493   4930.0000000000000        3662.2704007976740        214.51899999999171     
         494   4940.0000000000000        3657.5763760270820        214.30199999999164     
         495   4950.0000000000000        3652.8987276724056        214.08499999999205     
         496   4960.0000000000000        3648.2373668987711        213.86999999999199     
         497   4970.0000000000000        3643.5922001902572        213.65499999999193     
         498   4980.0000000000000        3638.9631374170162        213.43999999999187     
         499   4990.0000000000000        3634.3500904755138        213.22599999999181     
         500   5000.0000000000000        3629.7529705981497        213.01299999999176     
