           1   50.000000000000000        138528.28202270844        2129.3239999991433     
           2   100.00000000000000        73493.770344204386        1505.6649999997269     
           3   150.00000000000000        51273.112943063788        1229.3749999999779     
           4   200.00000000000000        39938.856425547208        1064.6740000001278     
           5   250.00000000000000        33019.280937599920        952.27700000014852     
           6   300.00000000000000        28333.745952743506        869.30900000013128     
           7   350.00000000000000        24938.796403114964        804.82700000011619     
           8   400.00000000000000        22358.623756719451        752.85000000010382     
           9   450.00000000000000        20326.771136217511        709.79600000009293     
          10   500.00000000000000        18682.162643995463        673.37400000008518     
          11   550.00000000000000        17321.566716313555        642.04000000007886     
          12   600.00000000000000        16175.696683598155        614.70900000007339     
          13   650.00000000000000        15196.274508359740        590.59500000006585     
          14   700.00000000000000        14348.601699662768        569.11400000006290     
          15   750.00000000000000        13607.080482764895        549.81800000005842     
          16   800.00000000000000        12952.401646382630        532.36100000005342     
          17   850.00000000000000        12369.716776170471        516.46800000004964     
          18   900.00000000000000        11847.414504495364        501.91900000004756     
          19   950.00000000000000        11376.279689264942        488.53400000004416     
          20   1000.0000000000000        10948.902455257028        476.16600000004058     
          21   1050.0000000000000        10559.254395414058        464.69200000003735     
          22   1100.0000000000000        10202.379173499676        454.01000000003688     
          23   1150.0000000000000        9874.1629621911361        444.03200000003409     
          24   1200.0000000000000        9571.1616548259244        434.68500000003070     
          25   1250.0000000000000        9290.4690504582668        425.90400000003063     
          26   1300.0000000000000        9029.6151228424587        417.63500000002801     
          27   1350.0000000000000        8786.4865994355205        409.82900000002638     
          28   1400.0000000000000        8559.2643704369129        402.44600000002430     
          29   1450.0000000000000        8346.3736555458327        395.44800000002266     
          30   1500.0000000000000        8146.4440317170738        388.80300000002222     
          31   1550.0000000000000        7958.2770776560310        382.48200000001890     
          32   1600.0000000000000        7780.8200080453062        376.45900000001808     
          33   1650.0000000000000        7613.1440389249192        370.71300000001787     
          34   1700.0000000000000        7454.4264982853956        365.22200000001641     
          35   1750.0000000000000        7303.9359823333762        359.96800000001411     
          36   1800.0000000000000        7161.0199341882517        354.93500000001376     
          37   1850.0000000000000        7025.0942059426025        350.10700000001333     
          38   1900.0000000000000        6895.6342539005527        345.47100000001075     
          39   1950.0000000000000        6772.1676547681709        341.01400000001109     
          40   2000.0000000000000        6654.2677387297672        336.72600000000983     
          41   2050.0000000000000        6541.5481228997060        332.59500000000725     
          42   2100.0000000000000        6433.6580348483712        328.61300000000830     
          43   2150.0000000000000        6330.2782561535250        324.77100000000604     
          44   2200.0000000000000        6231.1176211584052        321.06000000000546     
          45   2250.0000000000000        6135.9099786656470        317.47400000000431     
          46   2300.0000000000000        6044.4115295996644        314.00600000000514     
          47   2350.0000000000000        5956.3985058613162        310.64800000000338     
          48   2400.0000000000000        5871.6651457369435        307.39700000000147     
          49   2450.0000000000000        5790.0218828284824        304.24500000000199     
          50   2500.0000000000000        5711.2937831790250        301.18800000000027     
          51   2550.0000000000000        5635.3191394761707        298.22200000000117     
          52   2600.0000000000000        5561.9482295648459        295.34200000000004     
          53   2650.0000000000000        5491.0422164209185        292.54299999999938     
          54   2700.0000000000000        5422.4721717536368        289.82299999999924     
          55   2750.0000000000000        5356.1181881061057        287.17699999999735     
          56   2800.0000000000000        5291.8686051278846        284.60299999999853     
          57   2850.0000000000000        5229.6192949582855        282.09599999999574     
          58   2900.0000000000000        5169.2730423751646        279.65499999999616     
          59   2950.0000000000000        5110.7389629203444        277.27599999999512     
          60   3000.0000000000000        5053.9319981729786        274.95699999999505     
          61   3050.0000000000000        4998.7724463520835        272.69499999999363     
          62   3100.0000000000000        4945.1855456627918        270.48799999999329     
          63   3150.0000000000000        4893.1010899059247        268.33299999999412     
          64   3200.0000000000000        4842.4530892508938        266.22999999999371     
          65   3250.0000000000000        4793.1794436916389        264.17499999999217     
          66   3300.0000000000000        4745.2216681091149        262.16699999999190     
          67   3350.0000000000000        4698.5246239353137        260.20399999999296     
          68   3400.0000000000000        4653.0362834369407        258.28499999999059     
          69   3450.0000000000000        4608.7075061268297        256.40699999999202     
          70   3500.0000000000000        4565.4918465148539        254.56999999998968     
          71   3550.0000000000000        4523.3453621839271        252.77199999998979     
          72   3600.0000000000000        4482.2264482240435        251.01099999998959     
          73   3650.0000000000000        4442.0956850914135        249.28699999999006     
          74   3700.0000000000000        4402.9156893090549        247.59799999999021     
          75   3750.0000000000000        4364.6509864165719        245.94299999999004     
          76   3800.0000000000000        4327.2678862187267        244.31999999999002     
          77   3850.0000000000000        4290.7343765649075        242.72999999999016     
          78   3900.0000000000000        4255.0200086638142        241.16999999999044     
          79   3950.0000000000000        4220.0958100919179        239.63899999999038     
          80   4000.0000000000000        4185.9341955202663        238.13799999999046     
          81   4050.0000000000000        4152.5088749706865        236.66399999999066     
          82   4100.0000000000000        4119.7947875272876        235.21699999999052     
          83   4150.0000000000000        4087.7680253914255        233.79699999999099     
          84   4200.0000000000000        4056.4057645375651        232.40199999999061     
          85   4250.0000000000000        4025.6862087578156        231.03199999999083     
          86   4300.0000000000000        3995.5885276044614        229.68599999999117     
          87   4350.0000000000000        3966.0928041034936        228.36299999999113     
          88   4400.0000000000000        3937.1799845650298        227.06199999999120     
          89   4450.0000000000000        3908.8318345297039        225.78399999999138     
          90   4500.0000000000000        3881.0308877924731        224.52699999999118     
          91   4550.0000000000000        3853.7604125109706        223.29099999999156     
          92   4600.0000000000000        3827.0043685237388        222.07499999999155     
          93   4650.0000000000000        3800.7473727742067        220.87799999999163     
          94   4700.0000000000000        3774.9746683078906        219.70099999999132     
          95   4750.0000000000000        3749.6720870195463        218.54299999999159     
          96   4800.0000000000000        3724.8260213368594        217.40199999999146     
          97   4850.0000000000000        3700.4234030853358        216.27999999999190     
          98   4900.0000000000000        3676.4516648822582        215.17399999999193     
          99   4950.0000000000000        3652.8987276724056        214.08499999999205     
         100   5000.0000000000000        3629.7529705981497        213.01299999999176     
